<?xml version="1.0" encoding="UTF-8"?>
<testng-results ignored="0" total="1" passed="1" failed="0" skipped="0">
  <reporter-output>
  </reporter-output>
  <suite started-at="2025-04-03T16:16:51 IST" name="Default suite" finished-at="2025-04-03T16:16:58 IST" duration-ms="7523">
    <groups>
    </groups>
    <test started-at="2025-04-03T16:16:51 IST" name="Default test" finished-at="2025-04-03T16:16:58 IST" duration-ms="7523">
      <class name="Mouse.assign_7_verify">
        <test-method is-config="true" signature="open()[pri:0, instance:Mouse.assign_7_verify@d86a6f]" started-at="2025-04-03T16:16:51 IST" name="open" finished-at="2025-04-03T16:16:58 IST" duration-ms="7448" status="PASS">
          <reporter-output>
          </reporter-output>
        </test-method> <!-- open -->
        <test-method signature="test1()[pri:0, instance:Mouse.assign_7_verify@d86a6f]" started-at="2025-04-03T16:16:58 IST" name="test1" finished-at="2025-04-03T16:16:58 IST" duration-ms="33" status="PASS">
          <reporter-output>
          </reporter-output>
        </test-method> <!-- test1 -->
      </class> <!-- Mouse.assign_7_verify -->
    </test> <!-- Default test -->
  </suite> <!-- Default suite -->
</testng-results>
