<?xml version="1.0" encoding="UTF-8"?>
<testng-results ignored="0" total="1" passed="1" failed="0" skipped="0">
  <reporter-output>
  </reporter-output>
  <suite started-at="2025-04-01T12:11:00 IST" name="Default suite" finished-at="2025-04-01T12:11:41 IST" duration-ms="40232">
    <groups>
      <group name="cucumber">
        <method signature="AbstractTestNGCucumberTests.runScenario(io.cucumber.testng.PickleWrapper,io.cucumber.testng.FeatureWrapper)[pri:0, instance:assignmentrunner.testrunnerassign@792b749c]" name="runScenario" class="io.cucumber.testng.AbstractTestNGCucumberTests"/>
      </group> <!-- cucumber -->
    </groups>
    <test started-at="2025-04-01T12:11:00 IST" name="Default test" finished-at="2025-04-01T12:11:41 IST" duration-ms="40232">
      <class name="assignmentrunner.testrunnerassign">
        <test-method is-config="true" signature="setUpClass(org.testng.ITestContext)[pri:0, instance:assignmentrunner.testrunnerassign@792b749c]" started-at="2025-04-01T12:11:00 IST" name="setUpClass" finished-at="2025-04-01T12:11:01 IST" duration-ms="520" status="PASS">
          <params>
            <param index="0">
              <value>
                <![CDATA[org.testng.TestRunner@49faf066]]>
              </value>
            </param>
          </params>
          <reporter-output>
          </reporter-output>
        </test-method> <!-- setUpClass -->
        <test-method signature="runScenario(io.cucumber.testng.PickleWrapper,io.cucumber.testng.FeatureWrapper)[pri:0, instance:assignmentrunner.testrunnerassign@792b749c]" started-at="2025-04-01T12:11:01 IST" name="runScenario" description="Runs Cucumber Scenarios" data-provider="scenarios" finished-at="2025-04-01T12:11:40 IST" duration-ms="39653" status="PASS">
          <params>
            <param index="0">
              <value>
                <![CDATA["Verify,delete and check bill on shopping app"]]>
              </value>
            </param>
            <param index="1">
              <value>
                <![CDATA["testing webshop app"]]>
              </value>
            </param>
          </params>
          <reporter-output>
          </reporter-output>
        </test-method> <!-- runScenario -->
        <test-method is-config="true" signature="tearDownClass()[pri:0, instance:assignmentrunner.testrunnerassign@792b749c]" started-at="2025-04-01T12:11:40 IST" name="tearDownClass" finished-at="2025-04-01T12:11:41 IST" duration-ms="17" status="PASS">
          <reporter-output>
          </reporter-output>
        </test-method> <!-- tearDownClass -->
      </class> <!-- assignmentrunner.testrunnerassign -->
    </test> <!-- Default test -->
  </suite> <!-- Default suite -->
</testng-results>
